[RUN] babies_lr2e-7_bs2_dn3
[train] Starting training...
[test] Starting evaluation...
Distributed environment: NO
Num processes: 1
Process index: 0
Local process index: 0
Device: cuda

Mixed precision type: no

wandb run dir: 0_myfiles_face/checkpoint_path/babies_lr2e-7_bs2_dn3/wandb/run-20250906_212114-o67la7hz/files
Distributed environment: MULTI_GPU  Backend: nccl
Num processes: 4
Process index: 2
Local process index: 2
Device: cuda:2

Mixed precision type: no

Distributed environment: MULTI_GPU  Backend: nccl
Num processes: 4
Process index: 0
Local process index: 0
Device: cuda:0

Mixed precision type: no

Distributed environment: MULTI_GPU  Backend: nccl
Num processes: 4
Process index: 1
Local process index: 1
Device: cuda:1

Mixed precision type: no

Distributed environment: MULTI_GPU  Backend: nccl
Num processes: 4
Process index: 3
Local process index: 3
Device: cuda:3

Mixed precision type: no

[load_pt_with_logs] Loading weights from: 0_myfiles_face/checkpoints/ffhq.pt
[load_pt_with_logs] Loading weights from: 0_myfiles_face/checkpoints/ffhq.pt
[load_pt_with_logs] Loading weights from: 0_myfiles_face/checkpoints/ffhq.pt
[load_pt_with_logs] Loading weights from: 0_myfiles_face/checkpoints/ffhq.pt
[DhariwalUNetAdapter] Loaded weights (strict).
[DhariwalUNetAdapter] Loaded weights (strict).
[DhariwalUNetAdapter] Loaded weights (strict).
[DhariwalUNetAdapter] Loaded weights (strict).
run dir: 0_myfiles_face/checkpoint_path/babies_lr2e-7_bs2_dn3/wandb/run-20250906_212127-24nsng3d/files
