[2025-09-06 21:21:11,061] torch.distributed.run: [WARNING] 
[2025-09-06 21:21:11,061] torch.distributed.run: [WARNING] *****************************************
[2025-09-06 21:21:11,061] torch.distributed.run: [WARNING] Setting OMP_NUM_THREADS environment variable for each process to be 1 in default, to avoid your system being overloaded, please further tune the variable for optimal performance in your application as needed. 
[2025-09-06 21:21:11,061] torch.distributed.run: [WARNING] *****************************************
wandb: Currently logged in as: yara-mohammadi-bahram-1 (yara-mohammadi-bahram-1-ecole-superieure-de-technologie) to https://api.wandb.ai. Use `wandb login --relogin` to force relogin
wandb: WARNING Changes to your `wandb` environment variables will be ignored because your `wandb` session has already started. For more information on how to modify your settings with `wandb.init()` arguments, please refer to https://wandb.me/wandb-init.
wandb: creating run
wandb: Tracking run with wandb version 0.21.2
wandb: Run data is saved locally in 0_myfiles_face/checkpoint_path/babies_lr2e-7_bs2_dn3/wandb/run-20250906_212114-o67la7hz
wandb: Run `wandb offline` to turn off syncing.
wandb: Syncing run babies_lr2e-7_bs2_dn3
wandb: ⭐️ View project at https://wandb.ai/yara-mohammadi-bahram-1-ecole-superieure-de-technologie/DMD_face
wandb: 🚀 View run at https://wandb.ai/yara-mohammadi-bahram-1-ecole-superieure-de-technologie/DMD_face/runs/o67la7hz
/home/ymbahram/dmd2_env/lib/python3.10/site-packages/torch/nn/modules/conv.py:456: UserWarning: Applied workaround for CuDNN issue, install nvrtc.so (Triggered internally at ../aten/src/ATen/native/cudnn/Conv_v8.cpp:80.)
  return F.conv2d(input, weight, bias, self.stride,
/home/ymbahram/dmd2_env/lib/python3.10/site-packages/torch/nn/modules/conv.py:456: UserWarning: Applied workaround for CuDNN issue, install nvrtc.so (Triggered internally at ../aten/src/ATen/native/cudnn/Conv_v8.cpp:80.)
  return F.conv2d(input, weight, bias, self.stride,
/home/ymbahram/dmd2_env/lib/python3.10/site-packages/torch/nn/modules/conv.py:456: UserWarning: Applied workaround for CuDNN issue, install nvrtc.so (Triggered internally at ../aten/src/ATen/native/cudnn/Conv_v8.cpp:80.)
  return F.conv2d(input, weight, bias, self.stride,
/home/ymbahram/dmd2_env/lib/python3.10/site-packages/torch/nn/modules/conv.py:456: UserWarning: Applied workaround for CuDNN issue, install nvrtc.so (Triggered internally at ../aten/src/ATen/native/cudnn/Conv_v8.cpp:80.)
  return F.conv2d(input, weight, bias, self.stride,
wandb: Currently logged in as: yara-mohammadi-bahram-1 (yara-mohammadi-bahram-1-ecole-superieure-de-technologie) to https://api.wandb.ai. Use `wandb login --relogin` to force relogin
wandb: WARNING Changes to your `wandb` environment variables will be ignored because your `wandb` session has already started. For more information on how to modify your settings with `wandb.init()` arguments, please refer to https://wandb.me/wandb-init.
wandb: creating run
wandb: Tracking run with wandb version 0.21.2
wandb: Run data is saved locally in 0_myfiles_face/checkpoint_path/babies_lr2e-7_bs2_dn3/wandb/run-20250906_212127-24nsng3d
wandb: Run `wandb offline` to turn off syncing.
wandb: Syncing run babies_lr2e-7_bs2_dn3
wandb: ⭐️ View project at https://wandb.ai/yara-mohammadi-bahram-1-ecole-superieure-de-technologie/DMD_face
wandb: 🚀 View run at https://wandb.ai/yara-mohammadi-bahram-1-ecole-superieure-de-technologie/DMD_face/runs/24nsng3d
